<?xml version="1.0" encoding="UTF-8"?>
<robot generator="Robot 2.8.5 (Jython 2.5.3 on java1.7.0_51)" generated="20140916 21:35:29.419">
<suite source="/Users/Nikki/github/jsu-mcis-cs310-tictactoe/TicTacToe/acceptance/TicTacToeTests2.txt" id="s1" name="TicTacToeTests2">
<test id="s1-t1" name="Win Main Diagonally as X">
<kw type="kw" name="Start New Game">
<doc></doc>
<arguments>
</arguments>
<kw type="kw" name="Start Application">
<doc></doc>
<arguments>
<arg>tictactoe.TicTacToeGame</arg>
</arguments>
<msg timestamp="20140916 21:35:30.526" level="FAIL">No keyword with name 'Start Application' found.</msg>
<status status="FAIL" endtime="20140916 21:35:30.528" starttime="20140916 21:35:30.523"></status>
</kw>
<status status="FAIL" endtime="20140916 21:35:30.531" starttime="20140916 21:35:30.515"></status>
</kw>
<doc></doc>
<tags>
</tags>
<status status="FAIL" critical="yes" endtime="20140916 21:35:30.534" starttime="20140916 21:35:30.506">No keyword with name 'Start Application' found.</status>
</test>
<test id="s1-t2" name="Win Reverse Diagonally as O">
<kw type="kw" name="Start New Game">
<doc></doc>
<arguments>
</arguments>
<kw type="kw" name="Start Application">
<doc></doc>
<arguments>
<arg>tictactoe.TicTacToeGame</arg>
</arguments>
<msg timestamp="20140916 21:35:30.556" level="FAIL">No keyword with name 'Start Application' found.</msg>
<status status="FAIL" endtime="20140916 21:35:30.558" starttime="20140916 21:35:30.554"></status>
</kw>
<status status="FAIL" endtime="20140916 21:35:30.561" starttime="20140916 21:35:30.548"></status>
</kw>
<doc></doc>
<tags>
</tags>
<status status="FAIL" critical="yes" endtime="20140916 21:35:30.564" starttime="20140916 21:35:30.540">No keyword with name 'Start Application' found.</status>
</test>
<test id="s1-t3" name="Win First Vertically as X">
<kw type="kw" name="Start New Game">
<doc></doc>
<arguments>
</arguments>
<kw type="kw" name="Start Application">
<doc></doc>
<arguments>
<arg>tictactoe.TicTacToeGame</arg>
</arguments>
<msg timestamp="20140916 21:35:30.584" level="FAIL">No keyword with name 'Start Application' found.</msg>
<status status="FAIL" endtime="20140916 21:35:30.585" starttime="20140916 21:35:30.582"></status>
</kw>
<status status="FAIL" endtime="20140916 21:35:30.586" starttime="20140916 21:35:30.576"></status>
</kw>
<doc></doc>
<tags>
</tags>
<status status="FAIL" critical="yes" endtime="20140916 21:35:30.588" starttime="20140916 21:35:30.568">No keyword with name 'Start Application' found.</status>
</test>
<test id="s1-t4" name="Win Second Vertically as X">
<kw type="kw" name="Start New Game">
<doc></doc>
<arguments>
</arguments>
<kw type="kw" name="Start Application">
<doc></doc>
<arguments>
<arg>tictactoe.TicTacToeGame</arg>
</arguments>
<msg timestamp="20140916 21:35:30.641" level="FAIL">No keyword with name 'Start Application' found.</msg>
<status status="FAIL" endtime="20140916 21:35:30.642" starttime="20140916 21:35:30.639"></status>
</kw>
<status status="FAIL" endtime="20140916 21:35:30.644" starttime="20140916 21:35:30.633"></status>
</kw>
<doc></doc>
<tags>
</tags>
<status status="FAIL" critical="yes" endtime="20140916 21:35:30.646" starttime="20140916 21:35:30.592">No keyword with name 'Start Application' found.</status>
</test>
<test id="s1-t5" name="Win Third Vertically as O">
<kw type="kw" name="Start New Game">
<doc></doc>
<arguments>
</arguments>
<kw type="kw" name="Start Application">
<doc></doc>
<arguments>
<arg>tictactoe.TicTacToeGame</arg>
</arguments>
<msg timestamp="20140916 21:35:30.663" level="FAIL">No keyword with name 'Start Application' found.</msg>
<status status="FAIL" endtime="20140916 21:35:30.664" starttime="20140916 21:35:30.661"></status>
</kw>
<status status="FAIL" endtime="20140916 21:35:30.666" starttime="20140916 21:35:30.655"></status>
</kw>
<doc></doc>
<tags>
</tags>
<status status="FAIL" critical="yes" endtime="20140916 21:35:30.668" starttime="20140916 21:35:30.650">No keyword with name 'Start Application' found.</status>
</test>
<test id="s1-t6" name="Win First Horizontally as X">
<kw type="kw" name="Start New Game">
<doc></doc>
<arguments>
</arguments>
<kw type="kw" name="Start Application">
<doc></doc>
<arguments>
<arg>tictactoe.TicTacToeGame</arg>
</arguments>
<msg timestamp="20140916 21:35:30.687" level="FAIL">No keyword with name 'Start Application' found.</msg>
<status status="FAIL" endtime="20140916 21:35:30.688" starttime="20140916 21:35:30.684"></status>
</kw>
<status status="FAIL" endtime="20140916 21:35:30.689" starttime="20140916 21:35:30.679"></status>
</kw>
<doc></doc>
<tags>
</tags>
<status status="FAIL" critical="yes" endtime="20140916 21:35:30.691" starttime="20140916 21:35:30.671">No keyword with name 'Start Application' found.</status>
</test>
<test id="s1-t7" name="Win Second Horizontally as O">
<kw type="kw" name="Start New Game">
<doc></doc>
<arguments>
</arguments>
<kw type="kw" name="Start Application">
<doc></doc>
<arguments>
<arg>tictactoe.TicTacToeGame</arg>
</arguments>
<msg timestamp="20140916 21:35:30.708" level="FAIL">No keyword with name 'Start Application' found.</msg>
<status status="FAIL" endtime="20140916 21:35:30.710" starttime="20140916 21:35:30.707"></status>
</kw>
<status status="FAIL" endtime="20140916 21:35:30.712" starttime="20140916 21:35:30.702"></status>
</kw>
<doc></doc>
<tags>
</tags>
<status status="FAIL" critical="yes" endtime="20140916 21:35:30.714" starttime="20140916 21:35:30.694">No keyword with name 'Start Application' found.</status>
</test>
<test id="s1-t8" name="Win Third Horizontally as O">
<kw type="kw" name="Start New Game">
<doc></doc>
<arguments>
</arguments>
<kw type="kw" name="Start Application">
<doc></doc>
<arguments>
<arg>tictactoe.TicTacToeGame</arg>
</arguments>
<msg timestamp="20140916 21:35:30.732" level="FAIL">No keyword with name 'Start Application' found.</msg>
<status status="FAIL" endtime="20140916 21:35:30.732" starttime="20140916 21:35:30.730"></status>
</kw>
<status status="FAIL" endtime="20140916 21:35:30.734" starttime="20140916 21:35:30.724"></status>
</kw>
<doc></doc>
<tags>
</tags>
<status status="FAIL" critical="yes" endtime="20140916 21:35:30.736" starttime="20140916 21:35:30.717">No keyword with name 'Start Application' found.</status>
</test>
<test id="s1-t9" name="Force a Tie">
<kw type="kw" name="Start New Game">
<doc></doc>
<arguments>
</arguments>
<kw type="kw" name="Start Application">
<doc></doc>
<arguments>
<arg>tictactoe.TicTacToeGame</arg>
</arguments>
<msg timestamp="20140916 21:35:30.753" level="FAIL">No keyword with name 'Start Application' found.</msg>
<status status="FAIL" endtime="20140916 21:35:30.754" starttime="20140916 21:35:30.752"></status>
</kw>
<status status="FAIL" endtime="20140916 21:35:30.757" starttime="20140916 21:35:30.746"></status>
</kw>
<doc></doc>
<tags>
</tags>
<status status="FAIL" critical="yes" endtime="20140916 21:35:30.759" starttime="20140916 21:35:30.739">No keyword with name 'Start Application' found.</status>
</test>
<doc></doc>
<metadata>
</metadata>
<status status="FAIL" endtime="20140916 21:35:30.766" starttime="20140916 21:35:29.428"></status>
</suite>
<statistics>
<total>
<stat pass="0" fail="9">Critical Tests</stat>
<stat pass="0" fail="9">All Tests</stat>
</total>
<tag>
</tag>
<suite>
<stat pass="0" id="s1" fail="9" name="TicTacToeTests2">TicTacToeTests2</stat>
</suite>
</statistics>
<errors>
</errors>
</robot>
