<?xml version="1.0" encoding="UTF-8"?>
<robot generator="Robot 2.8.5 (Jython 2.5.3 on java1.7.0_51)" generated="20140917 20:12:56.467">
<suite source="/Users/Nikki/github/jsu-mcis-cs310-tictactoe/TicTacToe/acceptance/TicTacToeTests.txt" id="s1" name="TicTacToeTests">
<test id="s1-t1" name="Win Main Diagonally as X">
<kw type="kw" name="Start New Game">
<doc></doc>
<arguments>
</arguments>
<kw type="kw" name="Start Application">
<doc></doc>
<arguments>
<arg>tictactoe.TicTacToeGame</arg>
</arguments>
<msg timestamp="20140917 20:12:57.122" level="FAIL">No keyword with name 'Start Application' found.</msg>
<status status="FAIL" endtime="20140917 20:12:57.123" starttime="20140917 20:12:57.121"></status>
</kw>
<status status="FAIL" endtime="20140917 20:12:57.124" starttime="20140917 20:12:57.116"></status>
</kw>
<doc></doc>
<tags>
</tags>
<status status="FAIL" critical="yes" endtime="20140917 20:12:57.125" starttime="20140917 20:12:57.110">No keyword with name 'Start Application' found.</status>
</test>
<test id="s1-t2" name="Win Reverse Diagonally as O">
<kw type="kw" name="Start New Game">
<doc></doc>
<arguments>
</arguments>
<kw type="kw" name="Start Application">
<doc></doc>
<arguments>
<arg>tictactoe.TicTacToeGame</arg>
</arguments>
<msg timestamp="20140917 20:12:57.137" level="FAIL">No keyword with name 'Start Application' found.</msg>
<status status="FAIL" endtime="20140917 20:12:57.138" starttime="20140917 20:12:57.136"></status>
</kw>
<status status="FAIL" endtime="20140917 20:12:57.139" starttime="20140917 20:12:57.133"></status>
</kw>
<doc></doc>
<tags>
</tags>
<status status="FAIL" critical="yes" endtime="20140917 20:12:57.140" starttime="20140917 20:12:57.128">No keyword with name 'Start Application' found.</status>
</test>
<test id="s1-t3" name="Win First Vertically as X">
<kw type="kw" name="Start New Game">
<doc></doc>
<arguments>
</arguments>
<kw type="kw" name="Start Application">
<doc></doc>
<arguments>
<arg>tictactoe.TicTacToeGame</arg>
</arguments>
<msg timestamp="20140917 20:12:57.156" level="FAIL">No keyword with name 'Start Application' found.</msg>
<status status="FAIL" endtime="20140917 20:12:57.157" starttime="20140917 20:12:57.156"></status>
</kw>
<status status="FAIL" endtime="20140917 20:12:57.158" starttime="20140917 20:12:57.152"></status>
</kw>
<doc></doc>
<tags>
</tags>
<status status="FAIL" critical="yes" endtime="20140917 20:12:57.159" starttime="20140917 20:12:57.146">No keyword with name 'Start Application' found.</status>
</test>
<test id="s1-t4" name="Win Second Vertically as X">
<kw type="kw" name="Start New Game">
<doc></doc>
<arguments>
</arguments>
<kw type="kw" name="Start Application">
<doc></doc>
<arguments>
<arg>tictactoe.TicTacToeGame</arg>
</arguments>
<msg timestamp="20140917 20:12:57.173" level="FAIL">No keyword with name 'Start Application' found.</msg>
<status status="FAIL" endtime="20140917 20:12:57.174" starttime="20140917 20:12:57.172"></status>
</kw>
<status status="FAIL" endtime="20140917 20:12:57.175" starttime="20140917 20:12:57.168"></status>
</kw>
<doc></doc>
<tags>
</tags>
<status status="FAIL" critical="yes" endtime="20140917 20:12:57.176" starttime="20140917 20:12:57.162">No keyword with name 'Start Application' found.</status>
</test>
<test id="s1-t5" name="Win Third Vertically as O">
<kw type="kw" name="Start New Game">
<doc></doc>
<arguments>
</arguments>
<kw type="kw" name="Start Application">
<doc></doc>
<arguments>
<arg>tictactoe.TicTacToeGame</arg>
</arguments>
<msg timestamp="20140917 20:12:57.190" level="FAIL">No keyword with name 'Start Application' found.</msg>
<status status="FAIL" endtime="20140917 20:12:57.191" starttime="20140917 20:12:57.189"></status>
</kw>
<status status="FAIL" endtime="20140917 20:12:57.192" starttime="20140917 20:12:57.186"></status>
</kw>
<doc></doc>
<tags>
</tags>
<status status="FAIL" critical="yes" endtime="20140917 20:12:57.193" starttime="20140917 20:12:57.179">No keyword with name 'Start Application' found.</status>
</test>
<test id="s1-t6" name="Win First Horizontally as X">
<kw type="kw" name="Start New Game">
<doc></doc>
<arguments>
</arguments>
<kw type="kw" name="Start Application">
<doc></doc>
<arguments>
<arg>tictactoe.TicTacToeGame</arg>
</arguments>
<msg timestamp="20140917 20:12:57.209" level="FAIL">No keyword with name 'Start Application' found.</msg>
<status status="FAIL" endtime="20140917 20:12:57.210" starttime="20140917 20:12:57.207"></status>
</kw>
<status status="FAIL" endtime="20140917 20:12:57.211" starttime="20140917 20:12:57.202"></status>
</kw>
<doc></doc>
<tags>
</tags>
<status status="FAIL" critical="yes" endtime="20140917 20:12:57.213" starttime="20140917 20:12:57.195">No keyword with name 'Start Application' found.</status>
</test>
<test id="s1-t7" name="Win Second Horizontally as O">
<kw type="kw" name="Start New Game">
<doc></doc>
<arguments>
</arguments>
<kw type="kw" name="Start Application">
<doc></doc>
<arguments>
<arg>tictactoe.TicTacToeGame</arg>
</arguments>
<msg timestamp="20140917 20:12:57.225" level="FAIL">No keyword with name 'Start Application' found.</msg>
<status status="FAIL" endtime="20140917 20:12:57.225" starttime="20140917 20:12:57.224"></status>
</kw>
<status status="FAIL" endtime="20140917 20:12:57.226" starttime="20140917 20:12:57.220"></status>
</kw>
<doc></doc>
<tags>
</tags>
<status status="FAIL" critical="yes" endtime="20140917 20:12:57.227" starttime="20140917 20:12:57.216">No keyword with name 'Start Application' found.</status>
</test>
<test id="s1-t8" name="Win Third Horizontally as O">
<kw type="kw" name="Start New Game">
<doc></doc>
<arguments>
</arguments>
<kw type="kw" name="Start Application">
<doc></doc>
<arguments>
<arg>tictactoe.TicTacToeGame</arg>
</arguments>
<msg timestamp="20140917 20:12:57.242" level="FAIL">No keyword with name 'Start Application' found.</msg>
<status status="FAIL" endtime="20140917 20:12:57.242" starttime="20140917 20:12:57.241"></status>
</kw>
<status status="FAIL" endtime="20140917 20:12:57.243" starttime="20140917 20:12:57.237"></status>
</kw>
<doc></doc>
<tags>
</tags>
<status status="FAIL" critical="yes" endtime="20140917 20:12:57.245" starttime="20140917 20:12:57.229">No keyword with name 'Start Application' found.</status>
</test>
<test id="s1-t9" name="Force a Tie">
<kw type="kw" name="Start New Game">
<doc></doc>
<arguments>
</arguments>
<kw type="kw" name="Start Application">
<doc></doc>
<arguments>
<arg>tictactoe.TicTacToeGame</arg>
</arguments>
<msg timestamp="20140917 20:12:57.260" level="FAIL">No keyword with name 'Start Application' found.</msg>
<status status="FAIL" endtime="20140917 20:12:57.260" starttime="20140917 20:12:57.259"></status>
</kw>
<status status="FAIL" endtime="20140917 20:12:57.261" starttime="20140917 20:12:57.254"></status>
</kw>
<doc></doc>
<tags>
</tags>
<status status="FAIL" critical="yes" endtime="20140917 20:12:57.262" starttime="20140917 20:12:57.247">No keyword with name 'Start Application' found.</status>
</test>
<doc></doc>
<metadata>
</metadata>
<status status="FAIL" endtime="20140917 20:12:57.268" starttime="20140917 20:12:56.473"></status>
</suite>
<statistics>
<total>
<stat pass="0" fail="9">Critical Tests</stat>
<stat pass="0" fail="9">All Tests</stat>
</total>
<tag>
</tag>
<suite>
<stat pass="0" id="s1" fail="9" name="TicTacToeTests">TicTacToeTests</stat>
</suite>
</statistics>
<errors>
</errors>
</robot>
